2022-03-25 14:42:05,824 - pyswarms.single.global_best - INFO - Optimize for 2 iters with {'c1': 0.5, 'c2': 0.3, 'w': 0.9}
2022-03-25 14:45:29,242 - pyswarms.single.global_best - INFO - Optimize for 2 iters with {'c1': 0.5, 'c2': 0.3, 'w': 0.9}
2022-03-25 14:45:38,817 - pyswarms.single.global_best - INFO - Optimize for 2 iters with {'c1': 0.5, 'c2': 0.3, 'w': 0.9}
2022-03-25 14:45:42,467 - pyswarms.single.global_best - INFO - Optimization finished | best cost: 89589258222.14418, best pos: [3.32e-03 6.00e-02 6.00e-02 6.00e-02 2.00e-03 2.00e-02 3.64e-04 3.64e-04
 3.60e-03 2.60e+06 1.30e+06 1.00e+08 1.20e+06 2.88e+07 2.00e+11 1.50e+06
 1.00e+02 1.00e-02 1.00e+00 1.00e+00 1.00e+00 1.00e-08 1.00e+00 1.00e+00]
2022-03-25 14:50:30,658 - pyswarms.single.global_best - INFO - Optimize for 2 iters with {'c1': 0.5, 'c2': 0.3, 'w': 0.9}
2022-03-25 14:50:34,006 - pyswarms.single.global_best - INFO - Optimization finished | best cost: 89589258222.14418, best pos: [3.32e-03 6.00e-02 6.00e-02 6.00e-02 2.00e-03 2.00e-02 3.64e-04 3.64e-04
 3.60e-03 2.60e+06 1.30e+06 1.00e+08 1.20e+06 2.88e+07 2.00e+11 1.50e+06
 1.00e+02 1.00e-02 1.00e+00 1.00e+00 1.00e+00 1.00e-08 1.00e+00 1.00e+00]
2022-03-25 15:19:37,846 - pyswarms.single.global_best - INFO - Optimize for 2 iters with {'c1': 0.5, 'c2': 0.3, 'w': 0.9}
2022-03-25 15:20:13,515 - pyswarms.single.global_best - INFO - Optimize for 2 iters with {'c1': 0.5, 'c2': 0.3, 'w': 0.9}
2022-03-25 15:20:17,320 - pyswarms.single.global_best - INFO - Optimization finished | best cost: 89589258222.14418, best pos: [3.32e-03 6.00e-02 6.00e-02 6.00e-02 2.00e-03 2.00e-02 3.64e-04 3.64e-04
 3.60e-03 2.60e+06 1.30e+06 1.00e+08 1.20e+06 2.88e+07 2.00e+11 1.50e+06
 1.00e+02 1.00e-02 1.00e+00 1.00e+00 1.00e+00 1.00e-08 1.00e+00 1.00e+00]
2022-03-25 15:22:23,222 - pyswarms.single.global_best - INFO - Optimize for 2 iters with {'c1': 0.5, 'c2': 0.3, 'w': 0.9}
2022-03-25 15:22:26,693 - pyswarms.single.global_best - INFO - Optimization finished | best cost: 89589258222.14418, best pos: [3.32e-03 6.00e-02 6.00e-02 6.00e-02 2.00e-03 2.00e-02 3.64e-04 3.64e-04
 3.60e-03 2.60e+06 1.30e+06 1.00e+08 1.20e+06 2.88e+07 2.00e+11 1.50e+06
 1.00e+02 1.00e-02 1.00e+00 1.00e+00 1.00e+00 1.00e-08 1.00e+00 1.00e+00]
2022-03-25 15:24:36,503 - pyswarms.single.global_best - INFO - Optimize for 2 iters with {'c1': 0.5, 'c2': 0.3, 'w': 0.9}
2022-03-25 15:24:40,099 - pyswarms.single.global_best - INFO - Optimization finished | best cost: 89589258222.14418, best pos: [3.32e-03 6.00e-02 6.00e-02 6.00e-02 2.00e-03 2.00e-02 3.64e-04 3.64e-04
 3.60e-03 2.60e+06 1.30e+06 1.00e+08 1.20e+06 2.88e+07 2.00e+11 1.50e+06
 1.00e+02 1.00e-02 1.00e+00 1.00e+00 1.00e+00 1.00e-08 1.00e+00 1.00e+00]
2022-03-25 15:25:27,609 - pyswarms.single.global_best - INFO - Optimize for 2 iters with {'c1': 0.5, 'c2': 0.3, 'w': 0.9}
2022-03-25 15:25:31,129 - pyswarms.single.global_best - INFO - Optimization finished | best cost: 89589258222.14418, best pos: [3.32e-03 6.00e-02 6.00e-02 6.00e-02 2.00e-03 2.00e-02 3.64e-04 3.64e-04
 3.60e-03 2.60e+06 1.30e+06 1.00e+08 1.20e+06 2.88e+07 2.00e+11 1.50e+06
 1.00e+02 1.00e-02 1.00e+00 1.00e+00 1.00e+00 1.00e-08 1.00e+00 1.00e+00]
2022-03-25 15:52:35,504 - pyswarms.single.global_best - INFO - Optimize for 2 iters with {'c1': 0.5, 'c2': 0.3, 'w': 0.9}
2022-03-25 15:52:39,482 - pyswarms.single.global_best - INFO - Optimization finished | best cost: 89589258222.14418, best pos: [3.32e-03 6.00e-02 6.00e-02 6.00e-02 2.00e-03 2.00e-02 3.64e-04 3.64e-04
 3.60e-03 2.60e+06 1.30e+06 1.00e+08 1.20e+06 2.88e+07 2.00e+11 1.50e+06
 1.00e+02 1.00e-02 1.00e+00 1.00e+00 1.00e+00 1.00e-08 1.00e+00 1.00e+00]
2022-03-25 16:05:49,719 - pyswarms.single.global_best - INFO - Optimize for 2 iters with {'c1': 0.5, 'c2': 0.3, 'w': 0.9}
2022-03-25 16:05:53,140 - pyswarms.single.global_best - INFO - Optimization finished | best cost: 89589258222.14418, best pos: [3.32e-03 6.00e-02 6.00e-02 6.00e-02 2.00e-03 2.00e-02 3.64e-04 3.64e-04
 3.60e-03 2.60e+06 1.30e+06 1.00e+08 1.20e+06 2.88e+07 2.00e+11 1.50e+06
 1.00e+02 1.00e-02 1.00e+00 1.00e+00 1.00e+00 1.00e-08 1.00e+00 1.00e+00]
2022-03-25 16:06:26,211 - pyswarms.single.global_best - INFO - Optimize for 2 iters with {'c1': 0.5, 'c2': 0.3, 'w': 0.9}
2022-03-25 16:06:29,613 - pyswarms.single.global_best - INFO - Optimization finished | best cost: 89589258222.14418, best pos: [3.32e-03 6.00e-02 6.00e-02 6.00e-02 2.00e-03 2.00e-02 3.64e-04 3.64e-04
 3.60e-03 2.60e+06 1.30e+06 1.00e+08 1.20e+06 2.88e+07 2.00e+11 1.50e+06
 1.00e+02 1.00e-02 1.00e+00 1.00e+00 1.00e+00 1.00e-08 1.00e+00 1.00e+00]
2022-03-25 16:07:23,202 - pyswarms.single.global_best - INFO - Optimize for 2 iters with {'c1': 0.5, 'c2': 0.3, 'w': 0.9}
2022-03-25 16:07:26,871 - pyswarms.single.global_best - INFO - Optimization finished | best cost: 89589258222.14418, best pos: [3.32e-03 6.00e-02 6.00e-02 6.00e-02 2.00e-03 2.00e-02 3.64e-04 3.64e-04
 3.60e-03 2.60e+06 1.30e+06 1.00e+08 1.20e+06 2.88e+07 2.00e+11 1.50e+06
 1.00e+02 1.00e-02 1.00e+00 1.00e+00 1.00e+00 1.00e-08 1.00e+00 1.00e+00]
2022-03-25 16:07:58,298 - pyswarms.single.global_best - INFO - Optimize for 2 iters with {'c1': 0.5, 'c2': 0.3, 'w': 0.9}
2022-03-25 16:08:01,695 - pyswarms.single.global_best - INFO - Optimization finished | best cost: 89589258222.14418, best pos: [3.32e-03 6.00e-02 6.00e-02 6.00e-02 2.00e-03 2.00e-02 3.64e-04 3.64e-04
 3.60e-03 2.60e+06 1.30e+06 1.00e+08 1.20e+06 2.88e+07 2.00e+11 1.50e+06
 1.00e+02 1.00e-02 1.00e+00 1.00e+00 1.00e+00 1.00e-08 1.00e+00 1.00e+00]
2022-03-25 16:11:32,811 - pyswarms.single.global_best - INFO - Optimize for 2 iters with {'c1': 0.5, 'c2': 0.3, 'w': 0.9}
2022-03-25 16:11:36,173 - pyswarms.single.global_best - INFO - Optimization finished | best cost: 250671265458.39825, best pos: [3.32e-03 6.00e-02 6.00e-02 6.00e-02 2.00e-03 2.00e-02 3.64e-04 3.64e-04
 3.60e-03 2.60e+06 1.30e+06 1.00e+08 1.20e+06 2.88e+07 2.00e+11 1.50e+06
 1.00e+02 1.00e-02 1.00e+00 1.00e+00 1.00e+00 1.00e-08 1.00e+00 1.00e+00]
2022-03-25 16:14:56,215 - pyswarms.single.global_best - INFO - Optimize for 2 iters with {'c1': 0.5, 'c2': 0.3, 'w': 0.9}
2022-03-25 16:16:08,149 - pyswarms.single.global_best - INFO - Optimize for 2 iters with {'c1': 0.5, 'c2': 0.3, 'w': 0.9}
2022-03-25 16:17:16,080 - pyswarms.single.global_best - INFO - Optimize for 2 iters with {'c1': 0.5, 'c2': 0.3, 'w': 0.9}
2022-03-25 16:17:29,339 - pyswarms.single.global_best - INFO - Optimize for 2 iters with {'c1': 0.5, 'c2': 0.3, 'w': 0.9}
2022-03-25 16:26:58,343 - pyswarms.single.global_best - INFO - Optimize for 2 iters with {'c1': 0.5, 'c2': 0.3, 'w': 0.9}
2022-03-25 16:27:01,832 - pyswarms.single.global_best - INFO - Optimization finished | best cost: 250890897222.52768, best pos: [3.32e-03 6.00e-02 6.00e-02 6.00e-02 2.00e-03 2.00e-02 3.64e-04 3.64e-04
 3.60e-03 2.60e+06 1.30e+06 1.00e+08 1.20e+06 2.88e+07 2.00e+11 1.50e+06
 1.00e+02 1.00e-02 1.00e+00 1.00e+00 1.00e+00 1.00e-08 1.00e+00 1.00e+00]
2022-03-25 16:29:20,527 - pyswarms.single.global_best - INFO - Optimize for 2 iters with {'c1': 0.5, 'c2': 0.3, 'w': 0.9}
2022-03-25 16:29:24,721 - pyswarms.single.global_best - INFO - Optimization finished | best cost: 250890897222.52768, best pos: [3.32e-03 6.00e-02 6.00e-02 6.00e-02 2.00e-03 2.00e-02 3.64e-04 3.64e-04
 3.60e-03 2.60e+06 1.30e+06 1.00e+08 1.20e+06 2.88e+07 2.00e+11 1.50e+06
 1.00e+02 1.00e-02 1.00e+00 1.00e+00 1.00e+00 1.00e-08 1.00e+00 1.00e+00]
2022-03-25 16:31:50,809 - pyswarms.single.global_best - INFO - Optimize for 2 iters with {'c1': 0.5, 'c2': 0.3, 'w': 0.9}
2022-03-25 16:31:54,173 - pyswarms.single.global_best - INFO - Optimization finished | best cost: 250890897222.52768, best pos: [3.32e-03 6.00e-02 6.00e-02 6.00e-02 2.00e-03 2.00e-02 3.64e-04 3.64e-04
 3.60e-03 2.60e+06 1.30e+06 1.00e+08 1.20e+06 2.88e+07 2.00e+11 1.50e+06
 1.00e+02 1.00e-02 1.00e+00 1.00e+00 1.00e+00 1.00e-08 1.00e+00 1.00e+00]
2022-03-25 16:33:03,010 - pyswarms.single.global_best - INFO - Optimize for 2 iters with {'c1': 0.5, 'c2': 0.3, 'w': 0.9}
2022-03-25 16:33:06,341 - pyswarms.single.global_best - INFO - Optimization finished | best cost: 250890897222.52768, best pos: [3.32e-03 6.00e-02 6.00e-02 6.00e-02 2.00e-03 2.00e-02 3.64e-04 3.64e-04
 3.60e-03 2.60e+06 1.30e+06 1.00e+08 1.20e+06 2.88e+07 2.00e+11 1.50e+06
 1.00e+02 1.00e-02 1.00e+00 1.00e+00 1.00e+00 1.00e-08 1.00e+00 1.00e+00]
2022-03-25 16:40:30,772 - pyswarms.single.global_best - INFO - Optimize for 2 iters with {'c1': 0.5, 'c2': 0.3, 'w': 0.9}
2022-03-25 16:40:34,136 - pyswarms.single.global_best - INFO - Optimization finished | best cost: 250890897222.52768, best pos: [3.32e-03 6.00e-02 6.00e-02 6.00e-02 2.00e-03 2.00e-02 3.64e-04 3.64e-04
 3.60e-03 2.60e+06 1.30e+06 1.00e+08 1.20e+06 2.88e+07 2.00e+11 1.50e+06
 1.00e+02 1.00e-02 1.00e+00 1.00e+00 1.00e+00 1.00e-08 1.00e+00 1.00e+00]
2022-03-25 16:42:06,305 - pyswarms.single.global_best - INFO - Optimize for 2 iters with {'c1': 0.5, 'c2': 0.3, 'w': 0.9}
2022-03-25 16:42:09,799 - pyswarms.single.global_best - INFO - Optimization finished | best cost: 250890897222.52768, best pos: [3.32e-03 6.00e-02 6.00e-02 6.00e-02 2.00e-03 2.00e-02 3.64e-04 3.64e-04
 3.60e-03 2.60e+06 1.30e+06 1.00e+08 1.20e+06 2.88e+07 2.00e+11 1.50e+06
 1.00e+02 1.00e-02 1.00e+00 1.00e+00 1.00e+00 1.00e-08 1.00e+00 1.00e+00]
2022-03-25 16:45:55,328 - pyswarms.single.global_best - INFO - Optimize for 2 iters with {'c1': 0.5, 'c2': 0.3, 'w': 0.9}
2022-03-25 16:45:59,066 - pyswarms.single.global_best - INFO - Optimization finished | best cost: 250890897222.52768, best pos: [3.32e-03 6.00e-02 6.00e-02 6.00e-02 2.00e-03 2.00e-02 3.64e-04 3.64e-04
 3.60e-03 2.60e+06 1.30e+06 1.00e+08 1.20e+06 2.88e+07 2.00e+11 1.50e+06
 1.00e+02 1.00e-02 1.00e+00 1.00e+00 1.00e+00 1.00e-08 1.00e+00 1.00e+00]
2022-03-25 16:46:06,390 - pyswarms.single.global_best - INFO - Optimize for 2 iters with {'c1': 0.5, 'c2': 0.3, 'w': 0.9}
2022-03-25 16:46:09,994 - pyswarms.single.global_best - INFO - Optimization finished | best cost: 250890897222.52768, best pos: [3.32e-03 6.00e-02 6.00e-02 6.00e-02 2.00e-03 2.00e-02 3.64e-04 3.64e-04
 3.60e-03 2.60e+06 1.30e+06 1.00e+08 1.20e+06 2.88e+07 2.00e+11 1.50e+06
 1.00e+02 1.00e-02 1.00e+00 1.00e+00 1.00e+00 1.00e-08 1.00e+00 1.00e+00]
2022-03-25 16:46:36,811 - pyswarms.single.global_best - INFO - Optimize for 2 iters with {'c1': 0.5, 'c2': 0.3, 'w': 0.9}
2022-03-25 16:46:40,159 - pyswarms.single.global_best - INFO - Optimization finished | best cost: 250890897222.52768, best pos: [3.32e-03 6.00e-02 6.00e-02 6.00e-02 2.00e-03 2.00e-02 3.64e-04 3.64e-04
 3.60e-03 2.60e+06 1.30e+06 1.00e+08 1.20e+06 2.88e+07 2.00e+11 1.50e+06
 1.00e+02 1.00e-02 1.00e+00 1.00e+00 1.00e+00 1.00e-08 1.00e+00 1.00e+00]
2022-03-25 16:52:30,702 - pyswarms.single.global_best - INFO - Optimize for 2 iters with {'c1': 0.5, 'c2': 0.3, 'w': 0.9}
2022-03-25 16:52:34,285 - pyswarms.single.global_best - INFO - Optimization finished | best cost: 250890897222.52768, best pos: [3.32e-03 6.00e-02 6.00e-02 6.00e-02 2.00e-03 2.00e-02 3.64e-04 3.64e-04
 3.60e-03 2.60e+06 1.30e+06 1.00e+08 1.20e+06 2.88e+07 2.00e+11 1.50e+06
 1.00e+02 1.00e-02 1.00e+00 1.00e+00 1.00e+00 1.00e-08 1.00e+00 1.00e+00]
2022-03-25 16:53:27,349 - pyswarms.single.global_best - INFO - Optimize for 2 iters with {'c1': 0.5, 'c2': 0.3, 'w': 0.9}
2022-03-25 16:53:30,810 - pyswarms.single.global_best - INFO - Optimization finished | best cost: 250890897222.52768, best pos: [3.32e-03 6.00e-02 6.00e-02 6.00e-02 2.00e-03 2.00e-02 3.64e-04 3.64e-04
 3.60e-03 2.60e+06 1.30e+06 1.00e+08 1.20e+06 2.88e+07 2.00e+11 1.50e+06
 1.00e+02 1.00e-02 1.00e+00 1.00e+00 1.00e+00 1.00e-08 1.00e+00 1.00e+00]
2022-03-25 16:53:56,387 - pyswarms.single.global_best - INFO - Optimize for 2 iters with {'c1': 0.5, 'c2': 0.3, 'w': 0.9}
2022-03-25 16:53:59,828 - pyswarms.single.global_best - INFO - Optimization finished | best cost: 250890897222.52768, best pos: [3.32e-03 6.00e-02 6.00e-02 6.00e-02 2.00e-03 2.00e-02 3.64e-04 3.64e-04
 3.60e-03 2.60e+06 1.30e+06 1.00e+08 1.20e+06 2.88e+07 2.00e+11 1.50e+06
 1.00e+02 1.00e-02 1.00e+00 1.00e+00 1.00e+00 1.00e-08 1.00e+00 1.00e+00]
2022-03-25 16:57:22,149 - pyswarms.single.global_best - INFO - Optimize for 2 iters with {'c1': 0.5, 'c2': 0.3, 'w': 0.9}
2022-03-25 16:57:25,813 - pyswarms.single.global_best - INFO - Optimization finished | best cost: 250890897222.52768, best pos: [3.32e-03 6.00e-02 6.00e-02 6.00e-02 2.00e-03 2.00e-02 3.64e-04 3.64e-04
 3.60e-03 2.60e+06 1.30e+06 1.00e+08 1.20e+06 2.88e+07 2.00e+11 1.50e+06
 1.00e+02 1.00e-02 1.00e+00 1.00e+00 1.00e+00 1.00e-08 1.00e+00 1.00e+00]
2022-03-25 16:57:59,870 - pyswarms.single.global_best - INFO - Optimize for 2 iters with {'c1': 0.5, 'c2': 0.3, 'w': 0.9}
2022-03-25 16:58:08,395 - pyswarms.single.global_best - INFO - Optimization finished | best cost: 250890897222.52768, best pos: [3.32e-03 6.00e-02 6.00e-02 6.00e-02 2.00e-03 2.00e-02 3.64e-04 3.64e-04
 3.60e-03 2.60e+06 1.30e+06 1.00e+08 1.20e+06 2.88e+07 2.00e+11 1.50e+06
 1.00e+02 1.00e-02 1.00e+00 1.00e+00 1.00e+00 1.00e-08 1.00e+00 1.00e+00]
2022-03-25 17:04:17,256 - pyswarms.single.global_best - INFO - Optimize for 2 iters with {'c1': 0.5, 'c2': 0.3, 'w': 0.9}
2022-03-25 17:04:20,713 - pyswarms.single.global_best - INFO - Optimization finished | best cost: 174596519975.98553, best pos: [5.37022277e-01 8.42060791e-01 7.82828811e-01 6.64238916e-01
 3.89866082e-01 8.35713971e-01 6.00000100e+05 3.00000430e+05
 1.00000001e+08 4.00000051e+05 1.00067128e+03 3.48109336e-01
 1.53947019e+00 1.05883291e+00 1.18241599e+00 5.62682566e-01
 1.49507467e+00 1.16910637e+00 2.88000004e+07]
2022-03-25 17:04:51,747 - pyswarms.single.global_best - INFO - Optimize for 2 iters with {'c1': 0.5, 'c2': 0.3, 'w': 0.9}
2022-03-25 17:04:55,287 - pyswarms.single.global_best - INFO - Optimization finished | best cost: 250890897222.52768, best pos: [3.32e-03 6.00e-02 6.00e-02 6.00e-02 2.00e-03 2.00e-02 3.64e-04 3.64e-04
 3.60e-03 2.60e+06 1.30e+06 1.00e+08 1.20e+06 2.88e+07 2.00e+11 1.50e+06
 1.00e+02 1.00e-02 1.00e+00 1.00e+00 1.00e+00 1.00e-08 1.00e+00 1.00e+00]
2022-03-25 17:28:39,186 - pyswarms.single.global_best - INFO - Optimize for 2 iters with {'c1': 0.5, 'c2': 0.3, 'w': 0.9}
2022-03-25 17:28:42,661 - pyswarms.single.global_best - INFO - Optimization finished | best cost: 250890897222.52768, best pos: [3.32e-03 6.00e-02 6.00e-02 6.00e-02 2.00e-03 2.00e-02 3.64e-04 3.64e-04
 3.60e-03 2.60e+06 1.30e+06 1.00e+08 1.20e+06 2.88e+07 2.00e+11 1.50e+06
 1.00e+02 1.00e-02 1.00e+00 1.00e+00 1.00e+00 1.00e-08 1.00e+00 1.00e+00]
2022-03-25 17:29:15,576 - pyswarms.single.global_best - INFO - Optimize for 2 iters with {'c1': 0.5, 'c2': 0.3, 'w': 0.9}
2022-03-25 17:29:19,019 - pyswarms.single.global_best - INFO - Optimization finished | best cost: 250890897222.52768, best pos: [3.32e-03 6.00e-02 6.00e-02 6.00e-02 2.00e-03 2.00e-02 3.64e-04 3.64e-04
 3.60e-03 2.60e+06 1.30e+06 1.00e+08 1.20e+06 2.88e+07 2.00e+11 1.50e+06
 1.00e+02 1.00e-02 1.00e+00 1.00e+00 1.00e+00 1.00e-08 1.00e+00 1.00e+00]
2022-03-25 17:29:36,989 - pyswarms.single.global_best - INFO - Optimize for 2 iters with {'c1': 0.5, 'c2': 0.3, 'w': 0.9}
2022-03-25 17:29:40,414 - pyswarms.single.global_best - INFO - Optimization finished | best cost: 250890897222.52768, best pos: [3.32e-03 6.00e-02 6.00e-02 6.00e-02 2.00e-03 2.00e-02 3.64e-04 3.64e-04
 3.60e-03 2.60e+06 1.30e+06 1.00e+08 1.20e+06 2.88e+07 2.00e+11 1.50e+06
 1.00e+02 1.00e-02 1.00e+00 1.00e+00 1.00e+00 1.00e-08 1.00e+00 1.00e+00]
2022-03-25 17:31:18,512 - pyswarms.single.global_best - INFO - Optimize for 2 iters with {'c1': 0.5, 'c2': 0.3, 'w': 0.9}
2022-03-25 17:31:22,539 - pyswarms.single.global_best - INFO - Optimization finished | best cost: 171236076317.90323, best pos: [3.00590902e-01 1.20896198e-01 5.23983516e-01 8.48229492e-01
 8.72014679e-01 7.46892441e-01 6.00000330e+05 3.00000456e+05
 1.00000000e+08 4.00000432e+05 1.00027190e+03 7.64392883e-01
 1.18880172e+00 1.44437069e+00 1.37875969e+00 1.81785997e-01
 1.27123745e+00 1.40080501e+00 2.88000006e+07]
2022-03-25 19:40:01,535 - pyswarms.single.global_best - INFO - Optimize for 2 iters with {'c1': 0.5, 'c2': 0.3, 'w': 0.9}
2022-03-25 19:40:05,074 - pyswarms.single.global_best - INFO - Optimization finished | best cost: 250890897222.52768, best pos: [3.32e-03 6.00e-02 6.00e-02 6.00e-02 2.00e-03 2.00e-02 3.64e-04 3.64e-04
 3.60e-03 2.60e+06 1.30e+06 1.00e+08 1.20e+06 2.88e+07 2.00e+11 1.50e+06
 1.00e+02 1.00e-02 1.00e+00 1.00e+00 1.00e+00 1.00e-08 1.00e+00 1.00e+00]
2022-03-25 19:40:31,264 - pyswarms.single.global_best - INFO - Optimize for 2 iters with {'c1': 0.5, 'c2': 0.3, 'w': 0.9}
2022-03-25 19:40:34,884 - pyswarms.single.global_best - INFO - Optimization finished | best cost: 106352444988.88432, best pos: [-4.88511545e-02  2.77094377e-01  2.84243880e-01  2.37043320e-01
  2.50288575e+00  1.23511017e+00  5.58123982e-04  5.56842629e-04
  4.18521282e-01  2.60000097e+06  1.30000075e+06  1.00000000e+08
  1.20000131e+06  2.88000000e+07  2.00000000e+11  1.50000096e+06
  1.00518038e+02  7.64732738e-01  1.03218030e+00  1.79474982e+00
  3.55237253e-01  5.19269073e-01  1.57000688e+00  1.72155695e+00]
2022-03-25 19:42:33,958 - pyswarms.single.global_best - INFO - Optimize for 2 iters with {'c1': 0.5, 'c2': 0.3, 'w': 0.9}
2022-03-25 19:42:37,578 - pyswarms.single.global_best - INFO - Optimization finished | best cost: 173803932094.3023, best pos: [1.21901847e-01 7.44386153e-02 4.62963537e-01 6.37113241e-01
 4.60999086e-01 2.47479738e-01 6.00000394e+05 3.00000608e+05
 1.00000000e+08 4.00000727e+05 1.00017218e+03 8.40647213e-01
 1.89704988e+00 1.56117131e+00 1.24326124e+00 3.98857065e-01
 1.05705208e+00 1.30823100e+00 2.88000000e+07]
2022-03-25 19:44:16,801 - pyswarms.single.global_best - INFO - Optimize for 2 iters with {'c1': 0.5, 'c2': 0.3, 'w': 0.9}
2022-03-25 19:44:30,795 - pyswarms.single.global_best - INFO - Optimize for 2 iters with {'c1': 0.5, 'c2': 0.3, 'w': 0.9}
2022-03-25 19:44:34,066 - pyswarms.single.global_best - INFO - Optimization finished | best cost: 2822403.301338413, best pos: [-4.88511545e-02  2.77094377e-01  2.84243880e-01  2.37043320e-01
  2.50288575e+00  1.23511017e+00  5.58123982e-04  5.56842629e-04
  4.18521282e-01  2.60000097e+06  1.30000075e+06  1.00000000e+08
  1.20000131e+06  2.88000000e+07  2.00000000e+11  1.50000096e+06
  1.00518038e+02  7.64732738e-01  1.03218030e+00  1.79474982e+00
  3.55237253e-01  5.19269073e-01  1.57000688e+00  1.72155695e+00]
2022-03-25 20:05:52,406 - pyswarms.single.global_best - INFO - Optimize for 2 iters with {'c1': 0.5, 'c2': 0.3, 'w': 0.9}
2022-03-25 20:07:12,341 - pyswarms.single.global_best - INFO - Optimize for 2 iters with {'c1': 0.5, 'c2': 0.3, 'w': 0.9}
2022-03-25 20:07:15,618 - pyswarms.single.global_best - INFO - Optimization finished | best cost: 2822403.301338413, best pos: [-4.88511545e-02  2.77094377e-01  2.84243880e-01  2.37043320e-01
  2.50288575e+00  1.23511017e+00  5.58123982e-04  5.56842629e-04
  4.18521282e-01  2.60000097e+06  1.30000075e+06  1.00000000e+08
  1.20000131e+06  2.88000000e+07  2.00000000e+11  1.50000096e+06
  1.00518038e+02  7.64732738e-01  1.03218030e+00  1.79474982e+00
  3.55237253e-01  5.19269073e-01  1.57000688e+00  1.72155695e+00]
2022-03-25 20:08:30,160 - pyswarms.single.global_best - INFO - Optimize for 2 iters with {'c1': 0.5, 'c2': 0.3, 'w': 0.9}
2022-03-25 20:08:33,416 - pyswarms.single.global_best - INFO - Optimization finished | best cost: 2822403.301338413, best pos: [-4.88511545e-02  2.77094377e-01  2.84243880e-01  2.37043320e-01
  2.50288575e+00  1.23511017e+00  5.58123982e-04  5.56842629e-04
  4.18521282e-01  2.60000097e+06  1.30000075e+06  1.00000000e+08
  1.20000131e+06  2.88000000e+07  2.00000000e+11  1.50000096e+06
  1.00518038e+02  7.64732738e-01  1.03218030e+00  1.79474982e+00
  3.55237253e-01  5.19269073e-01  1.57000688e+00  1.72155695e+00]
2022-03-25 20:09:11,194 - pyswarms.single.global_best - INFO - Optimize for 2 iters with {'c1': 0.5, 'c2': 0.3, 'w': 0.9}
2022-03-25 20:09:19,256 - pyswarms.single.global_best - INFO - Optimization finished | best cost: 2822403.301338413, best pos: [-4.88511545e-02  2.77094377e-01  2.84243880e-01  2.37043320e-01
  2.50288575e+00  1.23511017e+00  5.58123982e-04  5.56842629e-04
  4.18521282e-01  2.60000097e+06  1.30000075e+06  1.00000000e+08
  1.20000131e+06  2.88000000e+07  2.00000000e+11  1.50000096e+06
  1.00518038e+02  7.64732738e-01  1.03218030e+00  1.79474982e+00
  3.55237253e-01  5.19269073e-01  1.57000688e+00  1.72155695e+00]
2022-03-25 20:10:07,291 - pyswarms.single.global_best - INFO - Optimize for 2 iters with {'c1': 0.5, 'c2': 0.3, 'w': 0.9}
2022-03-25 20:10:10,612 - pyswarms.single.global_best - INFO - Optimization finished | best cost: 2822403.301338413, best pos: [-4.88511545e-02  2.77094377e-01  2.84243880e-01  2.37043320e-01
  2.50288575e+00  1.23511017e+00  5.58123982e-04  5.56842629e-04
  4.18521282e-01  2.60000097e+06  1.30000075e+06  1.00000000e+08
  1.20000131e+06  2.88000000e+07  2.00000000e+11  1.50000096e+06
  1.00518038e+02  7.64732738e-01  1.03218030e+00  1.79474982e+00
  3.55237253e-01  5.19269073e-01  1.57000688e+00  1.72155695e+00]
2022-03-25 20:11:05,066 - pyswarms.single.global_best - INFO - Optimize for 2 iters with {'c1': 0.5, 'c2': 0.3, 'w': 0.9}
2022-03-25 20:11:08,320 - pyswarms.single.global_best - INFO - Optimization finished | best cost: 2822403.301338413, best pos: [-4.88511545e-02  2.77094377e-01  2.84243880e-01  2.37043320e-01
  2.50288575e+00  1.23511017e+00  5.58123982e-04  5.56842629e-04
  4.18521282e-01  2.60000097e+06  1.30000075e+06  1.00000000e+08
  1.20000131e+06  2.88000000e+07  2.00000000e+11  1.50000096e+06
  1.00518038e+02  7.64732738e-01  1.03218030e+00  1.79474982e+00
  3.55237253e-01  5.19269073e-01  1.57000688e+00  1.72155695e+00]
2022-03-25 20:11:22,512 - pyswarms.single.global_best - INFO - Optimize for 2 iters with {'c1': 0.5, 'c2': 0.3, 'w': 0.9}
2022-03-25 20:11:30,513 - pyswarms.single.global_best - INFO - Optimization finished | best cost: 2822403.301338413, best pos: [-4.88511545e-02  2.77094377e-01  2.84243880e-01  2.37043320e-01
  2.50288575e+00  1.23511017e+00  5.58123982e-04  5.56842629e-04
  4.18521282e-01  2.60000097e+06  1.30000075e+06  1.00000000e+08
  1.20000131e+06  2.88000000e+07  2.00000000e+11  1.50000096e+06
  1.00518038e+02  7.64732738e-01  1.03218030e+00  1.79474982e+00
  3.55237253e-01  5.19269073e-01  1.57000688e+00  1.72155695e+00]
2022-03-25 20:12:24,478 - pyswarms.single.global_best - INFO - Optimize for 2 iters with {'c1': 0.5, 'c2': 0.3, 'w': 0.9}
2022-03-25 20:12:27,797 - pyswarms.single.global_best - INFO - Optimization finished | best cost: 2822403.301338413, best pos: [-4.88511545e-02  2.77094377e-01  2.84243880e-01  2.37043320e-01
  2.50288575e+00  1.23511017e+00  5.58123982e-04  5.56842629e-04
  4.18521282e-01  2.60000097e+06  1.30000075e+06  1.00000000e+08
  1.20000131e+06  2.88000000e+07  2.00000000e+11  1.50000096e+06
  1.00518038e+02  7.64732738e-01  1.03218030e+00  1.79474982e+00
  3.55237253e-01  5.19269073e-01  1.57000688e+00  1.72155695e+00]
2022-03-25 20:13:04,807 - pyswarms.single.global_best - INFO - Optimize for 2 iters with {'c1': 0.5, 'c2': 0.3, 'w': 0.9}
2022-03-25 20:13:08,172 - pyswarms.single.global_best - INFO - Optimization finished | best cost: 2822403.301338413, best pos: [-4.88511545e-02  2.77094377e-01  2.84243880e-01  2.37043320e-01
  2.50288575e+00  1.23511017e+00  5.58123982e-04  5.56842629e-04
  4.18521282e-01  2.60000097e+06  1.30000075e+06  1.00000000e+08
  1.20000131e+06  2.88000000e+07  2.00000000e+11  1.50000096e+06
  1.00518038e+02  7.64732738e-01  1.03218030e+00  1.79474982e+00
  3.55237253e-01  5.19269073e-01  1.57000688e+00  1.72155695e+00]
2022-03-25 20:14:00,936 - pyswarms.single.global_best - INFO - Optimize for 2 iters with {'c1': 0.5, 'c2': 0.3, 'w': 0.9}
2022-03-25 20:14:04,174 - pyswarms.single.global_best - INFO - Optimization finished | best cost: 2822403.301338413, best pos: [-4.88511545e-02  2.77094377e-01  2.84243880e-01  2.37043320e-01
  2.50288575e+00  1.23511017e+00  5.58123982e-04  5.56842629e-04
  4.18521282e-01  2.60000097e+06  1.30000075e+06  1.00000000e+08
  1.20000131e+06  2.88000000e+07  2.00000000e+11  1.50000096e+06
  1.00518038e+02  7.64732738e-01  1.03218030e+00  1.79474982e+00
  3.55237253e-01  5.19269073e-01  1.57000688e+00  1.72155695e+00]
2022-03-25 20:15:05,311 - pyswarms.single.global_best - INFO - Optimize for 2 iters with {'c1': 0.5, 'c2': 0.3, 'w': 0.9}
2022-03-25 20:15:08,580 - pyswarms.single.global_best - INFO - Optimization finished | best cost: 2822403.301338413, best pos: [-4.88511545e-02  2.77094377e-01  2.84243880e-01  2.37043320e-01
  2.50288575e+00  1.23511017e+00  5.58123982e-04  5.56842629e-04
  4.18521282e-01  2.60000097e+06  1.30000075e+06  1.00000000e+08
  1.20000131e+06  2.88000000e+07  2.00000000e+11  1.50000096e+06
  1.00518038e+02  7.64732738e-01  1.03218030e+00  1.79474982e+00
  3.55237253e-01  5.19269073e-01  1.57000688e+00  1.72155695e+00]
2022-03-25 20:15:27,251 - pyswarms.single.global_best - INFO - Optimize for 2 iters with {'c1': 0.5, 'c2': 0.3, 'w': 0.9}
2022-03-25 20:15:30,599 - pyswarms.single.global_best - INFO - Optimization finished | best cost: 2822403.301338413, best pos: [-4.88511545e-02  2.77094377e-01  2.84243880e-01  2.37043320e-01
  2.50288575e+00  1.23511017e+00  5.58123982e-04  5.56842629e-04
  4.18521282e-01  2.60000097e+06  1.30000075e+06  1.00000000e+08
  1.20000131e+06  2.88000000e+07  2.00000000e+11  1.50000096e+06
  1.00518038e+02  7.64732738e-01  1.03218030e+00  1.79474982e+00
  3.55237253e-01  5.19269073e-01  1.57000688e+00  1.72155695e+00]
2022-03-25 20:41:57,545 - pyswarms.single.global_best - INFO - Optimize for 2 iters with {'c1': 0.5, 'c2': 0.3, 'w': 0.9}
2022-03-25 20:42:01,001 - pyswarms.single.global_best - INFO - Optimization finished | best cost: 106352444988.88432, best pos: [-4.88511545e-02  2.77094377e-01  2.84243880e-01  2.37043320e-01
  2.50288575e+00  1.23511017e+00  5.58123982e-04  5.56842629e-04
  4.18521282e-01  2.60000097e+06  1.30000075e+06  1.00000000e+08
  1.20000131e+06  2.88000000e+07  2.00000000e+11  1.50000096e+06
  1.00518038e+02  7.64732738e-01  1.03218030e+00  1.79474982e+00
  3.55237253e-01  5.19269073e-01  1.57000688e+00  1.72155695e+00]
2022-03-25 20:42:27,641 - pyswarms.single.global_best - INFO - Optimize for 2 iters with {'c1': 0.5, 'c2': 0.3, 'w': 0.9}
2022-03-25 20:42:30,895 - pyswarms.single.global_best - INFO - Optimization finished | best cost: 2822403.301338413, best pos: [-4.88511545e-02  2.77094377e-01  2.84243880e-01  2.37043320e-01
  2.50288575e+00  1.23511017e+00  5.58123982e-04  5.56842629e-04
  4.18521282e-01  2.60000097e+06  1.30000075e+06  1.00000000e+08
  1.20000131e+06  2.88000000e+07  2.00000000e+11  1.50000096e+06
  1.00518038e+02  7.64732738e-01  1.03218030e+00  1.79474982e+00
  3.55237253e-01  5.19269073e-01  1.57000688e+00  1.72155695e+00]
2022-03-25 21:00:52,040 - pyswarms.single.global_best - INFO - Optimize for 2 iters with {'c1': 0.5, 'c2': 0.3, 'w': 0.9}
2022-03-25 21:00:55,569 - pyswarms.single.global_best - INFO - Optimization finished | best cost: 168730318163.90372, best pos: [1.06006613e-02 3.58782952e-01 6.71757210e-01 3.24988113e-01
 8.54237785e-01 2.99685805e-01 6.00000700e+05 3.00000418e+05
 1.00000000e+08 4.00000786e+05 1.00033134e+03 4.28758588e-01
 1.89777725e+00 1.50535034e+00 1.01046450e+00 7.69756831e-01
 1.22386315e+00 1.83297776e+00 2.88000007e+07]
2022-03-25 21:01:44,499 - pyswarms.single.global_best - INFO - Optimize for 2 iters with {'c1': 0.5, 'c2': 0.3, 'w': 0.9}
2022-03-25 21:01:47,955 - pyswarms.single.global_best - INFO - Optimization finished | best cost: 178483564830.55667, best pos: [5.67584063e-01 7.22642813e-01 5.47434893e-01 2.09811044e-01
 3.68081451e-01 8.35291672e-01 6.00000767e+05 3.00000600e+05
 1.00000000e+08 4.00000228e+05 1.00011097e+03 3.63544152e-01
 1.84127814e+00 1.33947378e+00 1.61006287e+00 4.69186613e-01
 1.63300209e+00 1.17375811e+00 2.88000009e+07]
2022-03-25 21:03:53,674 - pyswarms.single.global_best - INFO - Optimize for 2 iters with {'c1': 0.5, 'c2': 0.3, 'w': 0.9}
2022-03-25 21:03:57,360 - pyswarms.single.global_best - INFO - Optimization finished | best cost: 172288850061.92432, best pos: [3.59150566e-02 1.32059655e-01 3.43334425e-01 5.64767985e-01
 6.67633143e-01 2.33715999e-01 6.00000006e+05 3.00000848e+05
 1.00000001e+08 4.00000654e+05 1.00054039e+03 2.27235639e-01
 1.33871371e+00 1.40540936e+00 1.87842233e+00 6.25530604e-01
 1.50339842e+00 1.37170363e+00 2.88000006e+07]
2022-03-25 21:06:09,198 - pyswarms.single.global_best - INFO - Optimize for 2 iters with {'c1': 0.5, 'c2': 0.3, 'w': 0.9}
2022-03-25 21:06:12,597 - pyswarms.single.global_best - INFO - Optimization finished | best cost: 171828201180.24344, best pos: [7.15628280e-01 6.53738094e-01 9.16145847e-01 8.71383614e-01
 6.47874823e-01 5.63036748e-01 6.00000577e+05 3.00000597e+05
 1.00000000e+08 4.00000254e+05 1.00085183e+03 9.97324255e-02
 1.34894538e+00 1.85280524e+00 1.30283427e+00 4.80521965e-01
 1.72661047e+00 1.66051524e+00 2.88000002e+07]
2022-03-25 21:07:36,732 - pyswarms.single.global_best - INFO - Optimize for 2 iters with {'c1': 0.5, 'c2': 0.3, 'w': 0.9}
2022-03-25 21:07:40,158 - pyswarms.single.global_best - INFO - Optimization finished | best cost: 174588703008.2073, best pos: [6.97949908e-01 6.50802298e-01 7.28638592e-01 1.34584675e-01
 5.13568902e-01 6.73669985e-01 6.00000060e+05 3.00000679e+05
 1.00000000e+08 4.00000675e+05 1.00082167e+03 7.30649155e-01
 1.21943271e+00 1.67434016e+00 1.55604715e+00 4.12031845e-01
 1.20182183e+00 1.79078315e+00 2.88000006e+07]
