2022-03-09 21:00:24,379 - pyswarms.single.global_best - INFO - Optimize for 1 iters with {'c1': 0.5, 'c2': 0.3, 'w': 0.9}
2022-03-09 21:00:25,769 - pyswarms.single.global_best - INFO - Optimization finished | best cost: 5322.874911303142, best pos: [0.09727878 0.46008153 0.78171542 0.53410545 0.21975406 0.22839831
 0.93037846 0.46534176 0.63594036 0.14771903 0.87717692 0.34836999
 0.94538838 0.77012605 0.26291077 0.21815556]
2022-03-09 21:01:00,959 - pyswarms.single.global_best - INFO - Optimize for 5 iters with {'c1': 0.5, 'c2': 0.3, 'w': 0.9}
2022-03-09 21:01:20,295 - pyswarms.single.global_best - INFO - Optimization finished | best cost: 5322.870207256146, best pos: [ 2.67222764  2.28672147  3.35599216  2.95888297  2.76029715  1.18898746
  2.49252452  2.78116952  2.20001726  2.3644552   2.56178415  2.76847375
  1.70877067  1.5424992  -0.10692413  2.36557653]
2022-03-09 21:47:28,543 - pyswarms.single.global_best - INFO - Optimize for 5 iters with {'c1': 0.5, 'c2': 0.3, 'w': 0.9}
2022-03-09 21:47:48,086 - pyswarms.single.global_best - INFO - Optimization finished | best cost: 5317.29331630283, best pos: [1.15896247e+00 3.51212541e+00 2.94811390e+00 1.06239749e+01
 4.01603938e+01 3.01378374e+02 7.53017771e+04 3.77000243e+05
 2.00000014e+07 2.63196809e+03 3.36000230e+06]
2022-03-09 21:49:11,744 - pyswarms.single.global_best - INFO - Optimize for 5 iters with {'c1': 0.5, 'c2': 0.3, 'w': 0.9}
2022-03-09 21:49:39,091 - pyswarms.single.global_best - INFO - Optimize for 5 iters with {'c1': 0.5, 'c2': 0.3, 'w': 0.9}
2022-03-09 21:50:55,745 - pyswarms.single.global_best - INFO - Optimize for 5 iters with {'c1': 0.5, 'c2': 0.3, 'w': 0.9}
2022-03-09 21:53:35,521 - pyswarms.single.global_best - INFO - Optimization finished | best cost: 5828.91899415622, best pos: [2.99175296e+00 2.56815751e+00 1.22730713e+00 1.08876797e+01
 4.01206274e+01 3.00047833e+02 7.53027337e+04 3.77002158e+05
 2.00000009e+07 2.63304700e+03 3.36000094e+06]
2022-03-09 21:55:09,226 - pyswarms.single.global_best - INFO - Optimize for 5 iters with {'c1': 0.5, 'c2': 0.3, 'w': 0.9}
2022-03-09 21:56:12,525 - pyswarms.single.global_best - INFO - Optimization finished | best cost: 5845.434235575932, best pos: [3.60e-02 1.00e+00 3.60e-02 1.00e+01 4.00e+01 3.00e+02 7.53e+04 3.77e+05
 2.00e+07 2.63e+03 3.36e+06]
2022-03-09 21:58:17,901 - pyswarms.single.global_best - INFO - Optimize for 5 iters with {'c1': 0.5, 'c2': 0.3, 'w': 0.9}
2022-03-09 21:59:23,904 - pyswarms.single.global_best - INFO - Optimization finished | best cost: 5367.00773848568, best pos: [2.44897382e+00 3.17849184e+00 9.71839416e-01 1.06500272e+01
 4.30259758e+01 3.00933839e+02 7.53023665e+04 3.77002014e+05
 2.00000028e+07 2.63294144e+03 3.36000198e+06]
2022-03-09 21:59:58,165 - pyswarms.single.global_best - INFO - Optimize for 5 iters with {'c1': 0.5, 'c2': 0.3, 'w': 0.9}
2022-03-09 22:01:50,768 - pyswarms.single.global_best - INFO - Optimize for 5 iters with {'c1': 0.5, 'c2': 0.3, 'w': 0.9}
2022-03-09 22:02:56,950 - pyswarms.single.global_best - INFO - Optimization finished | best cost: 5367.0073990344545, best pos: [1.42695800e+00 1.02334359e+00 3.72522977e-01 1.26059152e+01
 4.17882334e+01 3.00972063e+02 7.53004498e+04 3.77002495e+05
 2.00000022e+07 2.63308654e+03 3.36000131e+06]
2022-03-09 22:05:17,731 - pyswarms.single.global_best - INFO - Optimize for 5 iters with {'c1': 0.5, 'c2': 0.3, 'w': 0.9}
2022-03-09 22:07:30,193 - pyswarms.single.global_best - INFO - Optimization finished | best cost: 5367.007435348778, best pos: [2.93211113e+00 2.32412587e+00 1.32175416e+00 2.88749347e+00
 4.26590645e+01 3.00382979e+02 7.53015403e+04 3.77000285e+05
 2.00000003e+07 2.63307329e+03 3.36000057e+06]
2022-03-09 22:14:10,656 - pyswarms.single.global_best - INFO - Optimize for 5 iters with {'c1': 0.5, 'c2': 0.3, 'w': 0.9}
2022-03-09 22:16:20,430 - pyswarms.single.global_best - INFO - Optimization finished | best cost: 5367.007625247282, best pos: [3.64391157e-01 2.41487623e+00 3.11054471e+00 1.10246108e+01
 4.19022481e+01 3.00285401e+02 7.53024996e+04 3.77002875e+05
 2.00000016e+07 2.63299165e+03 3.36000287e+06]
2022-03-09 22:18:58,305 - pyswarms.single.global_best - INFO - Optimize for 5 iters with {'c1': 0.5, 'c2': 0.3, 'w': 0.9}
2022-03-09 22:21:13,133 - pyswarms.single.global_best - INFO - Optimization finished | best cost: 5367.008219953132, best pos: [9.14038560e-01 1.41384644e+00 8.71747271e-01 1.13823481e+01
 4.17071959e+01 3.00094940e+02 7.53030260e+04 3.77001251e+05
 2.00000026e+07 2.63274504e+03 3.36000050e+06]
2022-03-09 22:23:57,900 - pyswarms.single.global_best - INFO - Optimize for 50 iters with {'c1': 0.5, 'c2': 0.3, 'w': 0.9}
2022-03-09 22:35:18,514 - pyswarms.single.global_best - INFO - Optimization finished | best cost: 5366.935014956409, best pos: [5.65750728e+00 8.24805075e+00 9.62796171e+00 1.57558906e+01
 3.92220596e+01 2.94401747e+02 7.53038279e+04 3.77003643e+05
 2.00000007e+07 2.66316574e+03 3.36000643e+06]
2022-03-09 22:39:32,442 - pyswarms.single.global_best - INFO - Optimize for 3000 iters with {'c1': 0.5, 'c2': 0.3, 'w': 0.9}
