2022-03-06 21:45:12,232 - pyswarms.single.global_best - INFO - Optimize for 1000 iters with {'c1': 0.5, 'c2': 0.3, 'w': 0.9}
2022-03-06 21:49:24,674 - pyswarms.single.global_best - INFO - Optimize for 1000 iters with {'c1': 0.5, 'c2': 0.3, 'w': 0.9}
2022-03-06 21:52:44,931 - pyswarms.single.global_best - INFO - Optimize for 1000 iters with {'c1': 0.5, 'c2': 0.3, 'w': 0.9}
2022-03-06 22:05:19,177 - pyswarms.single.global_best - INFO - Optimize for 1000 iters with {'c1': 0.5, 'c2': 0.3, 'w': 0.9}
2022-03-06 22:05:34,844 - pyswarms.single.global_best - INFO - Optimize for 1000 iters with {'c1': 0.5, 'c2': 0.3, 'w': 0.9}
2022-03-06 22:08:10,120 - pyswarms.single.global_best - INFO - Optimize for 1000 iters with {'c1': 0.5, 'c2': 0.3, 'w': 0.9}
2022-03-06 22:14:54,152 - pyswarms.single.global_best - INFO - Optimize for 1000 iters with {'c1': 0.5, 'c2': 0.3, 'w': 0.9}
2022-03-06 22:18:06,539 - pyswarms.single.global_best - INFO - Optimize for 10 iters with {'c1': 0.5, 'c2': 0.3, 'w': 0.9}
2022-03-06 22:20:58,374 - pyswarms.single.global_best - INFO - Optimize for 10 iters with {'c1': 0.5, 'c2': 0.3, 'w': 0.9}
2022-03-06 22:36:33,910 - pyswarms.single.global_best - INFO - Optimization finished | best cost: -6.747839555939477e+62, best pos: [ 1.59640852e+00 -1.66479627e-04  8.41034024e-01  1.24361800e+00
  2.29725505e+00  3.04550703e+00 -6.77731462e-02  5.42638290e-01
 -6.87138465e-01  9.03272976e-01  9.32990512e-01  2.21067418e-01
  4.62190840e+05  4.62190130e+05  4.36077180e+05  4.36077629e+05
  9.36001787e+05  1.68513320e+05  9.24381467e+05  9.24383357e+05
  4.25839172e+00  1.54657056e+00 -7.12370192e-01]
2022-03-06 22:37:02,828 - pyswarms.single.global_best - INFO - Optimize for 10 iters with {'c1': 0.5, 'c2': 0.3, 'w': 0.9}
2022-03-06 22:41:00,340 - pyswarms.single.global_best - INFO - Optimize for 5 iters with {'c1': 0.5, 'c2': 0.3, 'w': 0.9}
2022-03-06 22:41:48,450 - pyswarms.single.global_best - INFO - Optimization finished | best cost: 429.03937068836944, best pos: [7.32623593e-01 2.17304943e+00 3.11200360e+00 1.97351050e+00
 5.35329956e-01 3.86254919e-01 1.89060764e+00 2.35783673e+00
 2.81730685e+00 4.71856073e-02 1.55923210e+00 2.02350882e+00
 4.62192561e+05 4.62192357e+05 4.36078859e+05 4.36079344e+05
 9.36002483e+05 1.68515750e+05 9.24382153e+05 9.24381608e+05
 1.61106746e+00 3.39051849e+00 2.41556779e+00]
2022-03-06 22:44:13,105 - pyswarms.single.global_best - INFO - Optimize for 5 iters with {'c1': 0.5, 'c2': 0.3, 'w': 0.9}
2022-03-06 22:44:59,042 - pyswarms.single.global_best - INFO - Optimization finished | best cost: 1274.271452516377, best pos: [0.00000000e+00 1.32128300e-03 2.81334230e-02 7.14694100e-03
 1.44675900e-03 6.23586310e-02 1.15740740e-02 5.26116071e-01
 9.46969700e-03 3.97083330e-02 2.81334230e-02 2.81334230e-02
 4.62190104e+05 4.62190104e+05 4.36078656e+05 4.36078656e+05
 9.36000000e+05 1.68512787e+05 9.24380208e+05 9.24380208e+05
 1.00000000e+00 1.00000000e+00 1.00000000e+00]
2022-03-06 22:47:40,040 - pyswarms.single.global_best - INFO - Optimize for 5 iters with {'c1': 0.5, 'c2': 0.3, 'w': 0.9}
2022-03-06 22:48:10,957 - pyswarms.single.global_best - INFO - Optimize for 7 iters with {'c1': 0.5, 'c2': 0.3, 'w': 0.9}
2022-03-06 22:51:45,719 - pyswarms.single.global_best - INFO - Optimization finished | best cost: 1274.271452516377, best pos: [0.00000000e+00 1.32128300e-03 2.81334230e-02 7.14694100e-03
 1.44675900e-03 6.23586310e-02 1.15740740e-02 5.26116071e-01
 9.46969700e-03 3.97083330e-02 2.81334230e-02 2.81334230e-02
 4.62190104e+05 4.62190104e+05 4.36078656e+05 4.36078656e+05
 9.36000000e+05 1.68512787e+05 9.24380208e+05 9.24380208e+05
 1.00000000e+00 1.00000000e+00 1.00000000e+00]
2022-03-06 22:52:08,517 - pyswarms.single.global_best - INFO - Optimize for 7 iters with {'c1': 0.5, 'c2': 0.3, 'w': 0.9}
2022-03-06 22:52:27,335 - pyswarms.single.global_best - INFO - Optimization finished | best cost: 1274.271452516377, best pos: [0.00000000e+00 1.32128300e-03 2.81334230e-02 7.14694100e-03
 1.44675900e-03 6.23586310e-02 1.15740740e-02 5.26116071e-01
 9.46969700e-03 3.97083330e-02 2.81334230e-02 2.81334230e-02
 4.62190104e+05 4.62190104e+05 4.36078656e+05 4.36078656e+05
 9.36000000e+05 1.68512787e+05 9.24380208e+05 9.24380208e+05
 1.00000000e+00 1.00000000e+00 1.00000000e+00]
2022-03-06 22:53:21,159 - pyswarms.single.global_best - INFO - Optimize for 5 iters with {'c1': 0.5, 'c2': 0.3, 'w': 0.9}
2022-03-06 22:54:04,735 - pyswarms.single.global_best - INFO - Optimization finished | best cost: 1274.271452516377, best pos: [0.00000000e+00 1.32128300e-03 2.81334230e-02 7.14694100e-03
 1.44675900e-03 6.23586310e-02 1.15740740e-02 5.26116071e-01
 9.46969700e-03 3.97083330e-02 2.81334230e-02 2.81334230e-02
 4.62190104e+05 4.62190104e+05 4.36078656e+05 4.36078656e+05
 9.36000000e+05 1.68512787e+05 9.24380208e+05 9.24380208e+05
 1.00000000e+00 1.00000000e+00 1.00000000e+00]
2022-03-06 22:54:59,157 - pyswarms.single.global_best - INFO - Optimize for 5 iters with {'c1': 0.5, 'c2': 0.3, 'w': 0.9}
2022-03-06 22:59:25,962 - pyswarms.single.global_best - INFO - Optimize for 5 iters with {'c1': 0.5, 'c2': 0.3, 'w': 0.9}
2022-03-06 23:00:09,245 - pyswarms.single.global_best - INFO - Optimization finished | best cost: 691.646121973915, best pos: [ 4.54593586e-01  3.49901160e-02  4.91105542e-01 -1.22474860e-02
  1.84961260e-01  1.13385949e-01 -2.39942447e-02  7.16970967e-01
  4.90776270e-02  1.20995094e-01  2.13261722e-01  7.61979229e-01
  4.62190271e+05  4.62190784e+05  4.36078751e+05  4.36079081e+05
  9.36000409e+05  1.68513024e+05  9.24380240e+05  9.24380597e+05
  1.20780778e+00  1.66592959e+00  1.01709893e+00]
2022-03-06 23:00:41,393 - pyswarms.single.global_best - INFO - Optimize for 5 iters with {'c1': 0.5, 'c2': 0.3, 'w': 0.9}
2022-03-06 23:01:27,588 - pyswarms.single.global_best - INFO - Optimization finished | best cost: 74.89299498173527, best pos: [2.38875512e+00 2.46881425e-01 2.17148456e+00 2.48855075e+00
 1.17201745e+00 1.07612443e+00 1.77671241e+00 9.43391011e-01
 2.89428632e+00 1.02682618e-01 3.01477290e+00 1.31383728e+00
 4.62191147e+05 4.62190190e+05 4.36078819e+05 4.36080087e+05
 9.36002261e+05 1.68514804e+05 9.24382349e+05 9.24380521e+05
 2.63074675e+00 1.32319954e+00 4.05757116e+00]
2022-03-06 23:08:14,526 - pyswarms.single.global_best - INFO - Optimize for 5 iters with {'c1': 0.5, 'c2': 0.3, 'w': 0.9}
2022-03-06 23:08:59,778 - pyswarms.single.global_best - INFO - Optimization finished | best cost: 301.6771892674414, best pos: [4.89636787e-01 1.05087122e+00 1.87822881e+00 2.28451384e+00
 2.26164190e+00 3.49242484e-01 1.76031179e+00 3.26842539e+00
 2.43832906e+00 2.06189376e+00 1.88226409e+00 2.95665809e+00
 4.62190490e+05 4.62190595e+05 4.36080535e+05 4.36079289e+05
 9.36000352e+05 1.68513519e+05 9.24380370e+05 9.24380588e+05
 2.81506615e+00 3.33263744e+00 3.92614509e+00]
2022-03-06 23:09:35,984 - pyswarms.single.global_best - INFO - Optimize for 5 iters with {'c1': 0.5, 'c2': 0.3, 'w': 0.9}
2022-03-06 23:10:22,150 - pyswarms.single.global_best - INFO - Optimization finished | best cost: 64.99444463604485, best pos: [1.14497444e+00 1.29168521e+00 7.53147840e-01 2.86576585e+00
 2.77619557e+00 5.40189485e-01 1.50609205e+00 1.03832590e+00
 2.60105271e+00 1.04234450e-01 1.24224756e+00 6.00469976e-01
 4.62191203e+05 4.62192116e+05 4.36081071e+05 4.36081379e+05
 9.36001086e+05 1.68515494e+05 9.24381275e+05 9.24381033e+05
 1.50837363e+00 3.21535581e+00 3.83763088e+00]
2022-03-06 23:15:21,542 - pyswarms.single.global_best - INFO - Optimize for 5 iters with {'c1': 0.5, 'c2': 0.3, 'w': 0.9}
2022-03-06 23:16:06,679 - pyswarms.single.global_best - INFO - Optimization finished | best cost: 141.20069913666342, best pos: [3.47389388e-01 1.81309587e+00 8.20913465e-02 1.67299386e+00
 7.91864756e-01 1.48073001e+00 3.72793113e-01 1.74977621e+00
 2.52110149e+00 1.07777277e+00 2.31564980e+00 1.84642209e+00
 4.62192649e+05 4.62191262e+05 4.36079269e+05 4.36079347e+05
 9.36002617e+05 1.68514941e+05 9.24380764e+05 9.24382076e+05
 1.67441236e+00 2.35639666e+00 4.05616764e+00]
2022-03-06 23:21:54,806 - pyswarms.single.global_best - INFO - Optimize for 5 iters with {'c1': 0.5, 'c2': 0.3, 'w': 0.9}
2022-03-06 23:22:39,165 - pyswarms.single.global_best - INFO - Optimization finished | best cost: 298.2934367184822, best pos: [2.19609672e+00 6.30247940e-01 1.26876197e+00 4.15323245e-01
 9.22295224e-01 1.97376236e+00 2.63130018e+00 6.02736835e-01
 2.15205211e+00 2.50300155e+00 4.98868648e-01 1.05937293e+00
 4.62191099e+05 4.62191569e+05 4.36080498e+05 4.36079574e+05
 9.36000100e+05 1.68515448e+05 9.24380276e+05 9.24380629e+05
 3.07010092e+00 3.79797057e+00 3.99801110e+00]
2022-03-06 23:28:22,606 - pyswarms.single.global_best - INFO - Optimize for 2 iters with {'c1': 0.5, 'c2': 0.3, 'w': 0.9}
2022-03-06 23:28:26,187 - pyswarms.single.global_best - INFO - Optimization finished | best cost: 1364.883233061816, best pos: [5.21277991e-01 8.76265183e-01 9.27964198e-02 3.23960505e-01
 5.71114925e-01 2.97452559e-01 2.82323850e-01 1.33582681e+00
 2.09607352e-01 1.43431761e-01 6.57148601e-01 2.56317379e-01
 4.62190476e+05 4.62190471e+05 4.36078727e+05 4.36079041e+05
 9.36000267e+05 1.68513506e+05 9.24380231e+05 9.24380407e+05
 1.13676344e+00 1.21984736e+00 1.47940355e+00]
2022-03-06 23:29:00,137 - pyswarms.single.global_best - INFO - Optimize for 2 iters with {'c1': 0.5, 'c2': 0.3, 'w': 0.9}
2022-03-06 23:29:03,613 - pyswarms.single.global_best - INFO - Optimization finished | best cost: 1657.1452763933369, best pos: [5.73342741e-01 5.02320838e-01 1.01605433e-01 5.37401280e-02
 3.77079657e-01 7.26481802e-02 5.74463268e-01 1.18586580e+00
 7.43516024e-01 9.37120234e-01 4.93065068e-01 8.31479296e-01
 4.62190820e+05 4.62190506e+05 4.36078808e+05 4.36079141e+05
 9.36000471e+05 1.68513107e+05 9.24380694e+05 9.24380488e+05
 1.68638311e+00 1.52247175e+00 1.38631610e+00]
2022-03-06 23:29:35,137 - pyswarms.single.global_best - INFO - Optimize for 2 iters with {'c1': 0.5, 'c2': 0.3, 'w': 0.9}
2022-03-06 23:29:38,931 - pyswarms.single.global_best - INFO - Optimization finished | best cost: 1292.6437886193971, best pos: [7.73039925e-01 5.74146071e-02 5.55732632e-01 1.29863655e-01
 6.18977026e-01 4.54331321e-01 6.14879196e-01 5.40994779e-01
 4.23305785e-02 1.23020623e-01 3.67921739e-01 8.84782201e-01
 4.62190315e+05 4.62190265e+05 4.36079377e+05 4.36079410e+05
 9.36000312e+05 1.68513539e+05 9.24380725e+05 9.24380764e+05
 1.31407616e+00 1.36997579e+00 1.75507133e+00]
2022-03-06 23:30:34,806 - pyswarms.single.global_best - INFO - Optimize for 8 iters with {'c1': 0.5, 'c2': 0.3, 'w': 0.9}
2022-03-06 23:34:04,493 - pyswarms.single.global_best - INFO - Optimize for 8 iters with {'c1': 0.5, 'c2': 0.3, 'w': 0.9}
2022-03-06 23:34:27,851 - pyswarms.single.global_best - INFO - Optimization finished | best cost: 1274.271452516377, best pos: [0.00000000e+00 1.32128300e-03 2.81334230e-02 7.14694100e-03
 1.44675900e-03 6.23586310e-02 1.15740740e-02 5.26116071e-01
 9.46969700e-03 3.97083330e-02 2.81334230e-02 2.81334230e-02
 4.62190104e+05 4.62190104e+05 4.36078656e+05 4.36078656e+05
 9.36000000e+05 1.68512787e+05 9.24380208e+05 9.24380208e+05
 1.00000000e+00 1.00000000e+00 1.00000000e+00]
2022-03-06 23:40:02,286 - pyswarms.single.global_best - INFO - Optimize for 5 iters with {'c1': 0.5, 'c2': 0.3, 'w': 0.9}
2022-03-06 23:47:50,404 - pyswarms.single.global_best - INFO - Optimization finished | best cost: 124.35439341449117, best pos: [7.17375446e-01 2.25909287e+00 7.40520645e-01 2.01872519e+00
 2.06428859e+00 1.13035085e+00 2.00940977e+00 1.34365129e+00
 1.32449329e+00 4.92346976e-01 1.18261083e+00 7.84091078e-01
 4.62193079e+05 4.62191662e+05 4.36080490e+05 4.36080845e+05
 9.36001922e+05 1.68514539e+05 9.24381527e+05 9.24381586e+05
 2.17471958e+00 3.04897110e+00 3.77612856e+00]
2022-03-07 00:59:43,080 - pyswarms.single.global_best - INFO - Optimize for 5 iters with {'c1': 0.5, 'c2': 0.3, 'w': 0.9}
2022-03-07 01:00:19,524 - pyswarms.single.global_best - INFO - Optimize for 5 iters with {'c1': 0.5, 'c2': 0.3, 'w': 0.9}
2022-03-07 01:00:42,605 - pyswarms.single.global_best - INFO - Optimization finished | best cost: 698.2656644653529, best pos: [1.89099807e+00 6.01625899e-02 1.06110008e+00 1.42334294e+00
 1.01725631e+00 6.20001811e-01 1.47838071e+00 4.81843098e+01
 1.08226912e+00 2.63995898e+00 5.66311040e-01 3.50994796e+00
 4.81250581e+07 3.78632574e+06 5.48574594e+03 1.64991613e+05
 6.10749465e+07 4.17606457e+05 2.20011562e+07 9.32272704e+03
 1.18452007e+00 1.42821126e+01 4.59990650e+00]
2022-03-07 01:02:54,625 - pyswarms.single.global_best - INFO - Optimize for 30 iters with {'c1': 0.5, 'c2': 0.3, 'w': 0.9}
2022-03-07 01:05:39,302 - pyswarms.single.global_best - INFO - Optimization finished | best cost: 355.18121610222977, best pos: [ 5.06972165e-01  4.57328378e-01  3.56114461e-01 -1.33687205e-01
  2.27029703e-02  1.50911740e-01  7.13052807e-01  4.64041914e+01
  7.20954669e-01  2.20713315e+00  3.33457799e-01  2.26489974e+00
  4.81250570e+07  3.78632350e+06  5.48494444e+03  1.64990966e+05
  6.10749454e+07  4.17605934e+05  2.20011550e+07  9.32220778e+03
  6.25347365e-02  1.36451893e+01  3.57979159e+00]
2022-03-07 01:21:09,886 - pyswarms.single.global_best - INFO - Optimize for 1 iters with {'c1': 0.5, 'c2': 0.3, 'w': 0.9}
2022-03-07 01:21:11,035 - pyswarms.single.global_best - INFO - Optimization finished | best cost: 1071.2597305769616, best pos: [0.00000000e+00 1.75218200e-03 8.86535000e-04 4.10885970e-02
 1.59385667e-01 9.60718600e-03 7.42419493e-01 4.67846012e+01
 1.24303540e-02 2.16270475e+00 4.51032285e-01 2.03655533e+00
 4.81250577e+07 3.78632325e+06 5.48377609e+03 1.64991001e+05
 6.10749454e+07 4.17606151e+05 2.20011544e+07 9.32211877e+03
 3.66230290e-02 1.37774294e+01 3.28759993e+00]
2022-03-07 01:22:15,287 - pyswarms.single.global_best - INFO - Optimize for 1 iters with {'c1': 0.5, 'c2': 0.3, 'w': 0.9}
2022-03-07 01:22:16,451 - pyswarms.single.global_best - INFO - Optimization finished | best cost: 1071.2597305769616, best pos: [0.00000000e+00 1.75218200e-03 8.86535000e-04 4.10885970e-02
 1.59385667e-01 9.60718600e-03 7.42419493e-01 4.67846012e+01
 1.24303540e-02 2.16270475e+00 4.51032285e-01 2.03655533e+00
 4.81250577e+07 3.78632325e+06 5.48377609e+03 1.64991001e+05
 6.10749454e+07 4.17606151e+05 2.20011544e+07 9.32211877e+03
 3.66230290e-02 1.37774294e+01 3.28759993e+00]
2022-03-07 01:24:58,784 - pyswarms.single.global_best - INFO - Optimize for 1 iters with {'c1': 0.5, 'c2': 0.3, 'w': 0.9}
2022-03-07 01:24:59,785 - pyswarms.single.global_best - INFO - Optimization finished | best cost: 1071.2597305769616, best pos: [0.00000000e+00 1.75218200e-03 8.86535000e-04 4.10885970e-02
 1.59385667e-01 9.60718600e-03 7.42419493e-01 4.67846012e+01
 1.24303540e-02 2.16270475e+00 4.51032285e-01 2.03655533e+00
 4.81250577e+07 3.78632325e+06 5.48377609e+03 1.64991001e+05
 6.10749454e+07 4.17606151e+05 2.20011544e+07 9.32211877e+03
 3.66230290e-02 1.37774294e+01 3.28759993e+00]
2022-03-07 01:25:48,184 - pyswarms.single.global_best - INFO - Optimize for 20 iters with {'c1': 0.5, 'c2': 0.3, 'w': 0.9}
2022-03-07 01:32:53,793 - pyswarms.single.global_best - INFO - Optimization finished | best cost: 216.86583038347658, best pos: [ 4.31907362e-01  3.20977444e-01 -2.14772425e-01  9.90257424e-03
  4.68608999e-01  6.85597859e-01  1.74650158e+00  4.78419323e+01
  2.45156969e-01  2.51456178e+00  4.44432236e-01  3.27532496e+00
  4.81250575e+07  3.78632355e+06  5.48414234e+03  1.64991995e+05
  6.10749456e+07  4.17607457e+05  2.20011558e+07  9.32320284e+03
  3.87456413e-01  1.53245608e+01  5.05708133e+00]
2022-03-07 09:37:20,395 - pyswarms.single.global_best - INFO - Optimize for 1 iters with {'c1': 0.5, 'c2': 0.3, 'w': 0.9}
2022-03-07 09:37:21,458 - pyswarms.single.global_best - INFO - Optimization finished | best cost: 1071.2597305769616, best pos: [0.00000000e+00 1.75218200e-03 8.86535000e-04 4.10885970e-02
 1.59385667e-01 9.60718600e-03 7.42419493e-01 4.67846012e+01
 1.24303540e-02 2.16270475e+00 4.51032285e-01 2.03655533e+00
 4.81250577e+07 3.78632325e+06 5.48377609e+03 1.64991001e+05
 6.10749454e+07 4.17606151e+05 2.20011544e+07 9.32211877e+03
 3.66230290e-02 1.37774294e+01 3.28759993e+00]
2022-03-07 09:39:01,041 - pyswarms.single.global_best - INFO - Optimize for 1 iters with {'c1': 0.5, 'c2': 0.3, 'w': 0.9}
2022-03-07 09:39:02,030 - pyswarms.single.global_best - INFO - Optimization finished | best cost: 1071.2597305769616, best pos: [0.00000000e+00 1.75218200e-03 8.86535000e-04 4.10885970e-02
 1.59385667e-01 9.60718600e-03 7.42419493e-01 4.67846012e+01
 1.24303540e-02 2.16270475e+00 4.51032285e-01 2.03655533e+00
 4.81250577e+07 3.78632325e+06 5.48377609e+03 1.64991001e+05
 6.10749454e+07 4.17606151e+05 2.20011544e+07 9.32211877e+03
 3.66230290e-02 1.37774294e+01 3.28759993e+00]
2022-03-07 09:39:34,796 - pyswarms.single.global_best - INFO - Optimize for 1 iters with {'c1': 0.5, 'c2': 0.3, 'w': 0.9}
2022-03-07 09:39:35,845 - pyswarms.single.global_best - INFO - Optimization finished | best cost: 1071.2597305769616, best pos: [0.00000000e+00 1.75218200e-03 8.86535000e-04 4.10885970e-02
 1.59385667e-01 9.60718600e-03 7.42419493e-01 4.67846012e+01
 1.24303540e-02 2.16270475e+00 4.51032285e-01 2.03655533e+00
 4.81250577e+07 3.78632325e+06 5.48377609e+03 1.64991001e+05
 6.10749454e+07 4.17606151e+05 2.20011544e+07 9.32211877e+03
 3.66230290e-02 1.37774294e+01 3.28759993e+00]
2022-03-07 09:49:48,298 - pyswarms.single.global_best - INFO - Optimize for 20 iters with {'c1': 0.5, 'c2': 0.3, 'w': 0.9}
2022-03-07 09:57:32,110 - pyswarms.single.global_best - INFO - Optimization finished | best cost: 188.36750130201546, best pos: [-7.91994379e-02  1.62577973e-01 -1.68045357e-01  9.14915578e-03
  4.91159858e-01  6.51027625e-01  1.55014546e+00  4.78707352e+01
  7.16179818e-01  2.56009297e+00  5.06170407e-01  3.52709593e+00
  4.80999997e+07  3.79000023e+06  5.47994399e+03  1.64999994e+05
  6.11000016e+07  4.18000284e+05  2.19999997e+07  9.31992269e+03
  3.96989408e-01  1.51815207e+01  5.04602099e+00]
2022-03-07 14:09:21,411 - pyswarms.single.global_best - INFO - Optimize for 1 iters with {'c1': 0.5, 'c2': 0.3, 'w': 0.9}
2022-03-07 14:09:22,485 - pyswarms.single.global_best - INFO - Optimization finished | best cost: 188.02491742852592, best pos: [ 0.00e+00  1.63e-01 -1.68e-01  9.15e-03  4.91e-01  6.51e-01  1.55e+00
  4.79e+01  7.16e-01  2.56e+00  5.06e-01  3.53e+00  4.81e+07  3.79e+06
  5.48e+03  1.65e+05  6.11e+07  4.18e+05  2.20e+07  9.32e+03  3.97e-01
  1.52e+01  5.05e+00]
2022-03-07 14:09:59,795 - pyswarms.single.global_best - INFO - Optimize for 1 iters with {'c1': 0.5, 'c2': 0.3, 'w': 0.9}
2022-03-07 14:10:00,735 - pyswarms.single.global_best - INFO - Optimization finished | best cost: 188.02491742852592, best pos: [ 0.00e+00  1.63e-01 -1.68e-01  9.15e-03  4.91e-01  6.51e-01  1.55e+00
  4.79e+01  7.16e-01  2.56e+00  5.06e-01  3.53e+00  4.81e+07  3.79e+06
  5.48e+03  1.65e+05  6.11e+07  4.18e+05  2.20e+07  9.32e+03  3.97e-01
  1.52e+01  5.05e+00]
2022-03-07 14:14:52,023 - pyswarms.single.global_best - INFO - Optimize for 1 iters with {'c1': 0.5, 'c2': 0.3, 'w': 0.9}
2022-03-07 14:16:03,401 - pyswarms.single.global_best - INFO - Optimize for 1 iters with {'c1': 0.5, 'c2': 0.3, 'w': 0.9}
2022-03-07 14:16:04,510 - pyswarms.single.global_best - INFO - Optimization finished | best cost: 188.02491742852592, best pos: [ 0.00e+00  1.63e-01 -1.68e-01  9.15e-03  4.91e-01  6.51e-01  1.55e+00
  4.79e+01  7.16e-01  2.56e+00  5.06e-01  3.53e+00  4.81e+07  3.79e+06
  5.48e+03  1.65e+05  6.11e+07  4.18e+05  2.20e+07  9.32e+03  3.97e-01
  1.52e+01  5.05e+00]
2022-03-07 14:31:24,817 - pyswarms.single.global_best - INFO - Optimize for 1 iters with {'c1': 0.5, 'c2': 0.3, 'w': 0.9}
2022-03-07 14:31:25,888 - pyswarms.single.global_best - INFO - Optimization finished | best cost: 188.02491742852592, best pos: [ 0.00e+00  1.63e-01 -1.68e-01  9.15e-03  4.91e-01  6.51e-01  1.55e+00
  4.79e+01  7.16e-01  2.56e+00  5.06e-01  3.53e+00  4.81e+07  3.79e+06
  5.48e+03  1.65e+05  6.11e+07  4.18e+05  2.20e+07  9.32e+03  3.97e-01
  1.52e+01  5.05e+00]
